[2026-01-21 12:15:12,363][root][INFO] - Setting up matplotlib configuration
[2026-01-21 12:15:12,366][root][INFO] - Downloading Fama-French Size Breakpoints data...
[2026-01-21 12:15:12,366][root][INFO] - Fama-French Size Breakpoints data already downloaded, skipping.
[2026-01-21 12:15:12,367][root][INFO] - Downloading Fama-French 5 Factors Monthly data...
[2026-01-21 12:15:12,367][root][INFO] - Fama-French 5 Factors Monthly data already downloaded, skipping.
[2026-01-21 12:15:12,367][root][INFO] - Downloading Compustat data...
[2026-01-21 12:15:12,367][root][INFO] - Compustat data already downloaded, skipping.
[2026-01-21 12:15:12,367][root][INFO] - Downloading EKP HML CSV data...
[2026-01-21 12:15:12,368][root][WARNING] - EKP HML CSV data download failed, skipping: 'PosixPath' object has no attribute 'to_parquet'.
[2026-01-21 12:15:12,368][root][INFO] - EKP HML CSV data download complete to /home/rproner/Documents/Data/rsm3034_assignment1/download_cache/ekp_hml_20260121_171512.csv.
[2026-01-21 12:15:12,368][root][INFO] - Downloading CRSP Monthly Stock File data...
[2026-01-21 12:15:12,368][root][INFO] - CRSP Monthly Stock File data already downloaded, skipping.
[2026-01-21 12:15:12,368][root][INFO] - Downloading CRSP-Compustat Link Table data...
[2026-01-21 12:15:12,368][root][INFO] - CRSP-Compustat Link Table data already downloaded, skipping.
[2026-01-21 12:15:12,369][root][INFO] - Building panel data...
[2026-01-21 12:15:12,369][root][INFO] - Loading CRSP data...
[2026-01-21 12:15:21,963][root][INFO] - Loading Compustat data...
[2026-01-21 12:15:48,436][root][INFO] - Creating size variable
[2026-01-21 12:15:48,657][root][INFO] - Creating book-to-market variables
[2026-01-21 12:15:50,044][root][INFO] - Assigning portfolios based on size, book-to-market, and intangible book-to-market
[2026-01-21 12:15:50,044][root][INFO] - Assigning portfolios based on size...
[2026-01-21 12:15:50,070][root][INFO] - Assigning portfolios based on bm...
[2026-01-21 12:15:50,096][root][INFO] - Assigning portfolios based on bm_int...
[2026-01-21 12:30:10,396][root][INFO] - Panel built. Shape: (770419, 18)
[2026-01-21 12:30:12,079][root][INFO] - Panel data saved to /home/rproner/Documents/Data/rsm3034_assignment1/clean/panel_data.parquet
[2026-01-21 12:30:14,464][root][INFO] - Loaded Fama-French data from /home/rproner/Documents/Data/rsm3034_assignment1/download_cache/ff5_monthly_20260121_165337.parquet
