[2026-01-21 12:01:47,633][root][INFO] - Setting up matplotlib configuration
[2026-01-21 12:01:47,638][root][INFO] - Downloading Fama-French Size Breakpoints data...
[2026-01-21 12:01:47,638][root][INFO] - Fama-French Size Breakpoints data already downloaded, skipping.
[2026-01-21 12:01:47,639][root][INFO] - Downloading Fama-French 5 Factors Monthly data...
[2026-01-21 12:01:47,639][root][INFO] - Fama-French 5 Factors Monthly data already downloaded, skipping.
[2026-01-21 12:01:47,639][root][INFO] - Downloading Compustat data...
[2026-01-21 12:01:47,640][root][INFO] - Compustat data already downloaded, skipping.
[2026-01-21 12:01:47,640][root][INFO] - Downloading EKP HML CSV data...
[2026-01-21 12:01:47,640][root][WARNING] - EKP HML CSV data download failed, skipping: 'PosixPath' object has no attribute 'to_parquet'.
[2026-01-21 12:01:47,640][root][INFO] - EKP HML CSV data download complete to /home/rproner/Documents/Data/rsm3034_assignment1/download_cache/ekp_hml_20260121_170147.csv.
[2026-01-21 12:01:47,640][root][INFO] - Downloading CRSP Monthly Stock File data...
[2026-01-21 12:01:47,641][root][INFO] - CRSP Monthly Stock File data already downloaded, skipping.
[2026-01-21 12:01:47,641][root][INFO] - Downloading CRSP-Compustat Link Table data...
[2026-01-21 12:01:47,641][root][INFO] - CRSP-Compustat Link Table data already downloaded, skipping.
[2026-01-21 12:01:47,641][root][INFO] - Building panel data...
[2026-01-21 12:01:47,642][root][INFO] - Loading CRSP data...
[2026-01-21 12:01:55,384][root][INFO] - Loading Compustat data...
[2026-01-21 12:02:20,325][root][INFO] - Creating size variable
[2026-01-21 12:02:20,546][root][INFO] - Creating book-to-market variables
[2026-01-21 12:02:21,655][root][INFO] - Assigning portfolios based on size, book-to-market, and intangible book-to-market
[2026-01-21 12:02:21,655][root][INFO] - Assigning portfolios based on size...
[2026-01-21 12:02:21,681][root][INFO] - Assigning portfolios based on bm...
[2026-01-21 12:02:21,707][root][INFO] - Assigning portfolios based on bm_int...
