[2026-01-21 15:32:29,614][root][INFO] - Setting up matplotlib configuration
[2026-01-21 15:32:29,619][root][INFO] - Downloading Fama-French Size Breakpoints data...
[2026-01-21 15:32:30,272][root][INFO] - Fama-French Size Breakpoints data download complete to /home/rproner/Documents/Data/rsm3034_assignment1/download_cache/ff_size_breakpoints_20260121_203229.parquet.
[2026-01-21 15:32:30,273][root][INFO] - Downloading Fama-French 5 Factors Monthly data...
[2026-01-21 15:32:30,492][root][INFO] - Fama-French 5 Factors Monthly data download complete to /home/rproner/Documents/Data/rsm3034_assignment1/download_cache/ff5_monthly_20260121_203230.parquet.
[2026-01-21 15:32:30,492][root][INFO] - Downloading Compustat data...
[2026-01-21 15:33:06,613][root][INFO] - Compustat data download complete to /home/rproner/Documents/Data/rsm3034_assignment1/download_cache/compustat_20260121_203230.parquet.
[2026-01-21 15:33:06,614][root][INFO] - Downloading EKP HML data...
[2026-01-21 15:33:06,758][root][INFO] - EKP HML data download complete to /home/rproner/Documents/Data/rsm3034_assignment1/download_cache/ekp_hml_20260121_203306.parquet.
[2026-01-21 15:33:06,759][root][INFO] - Downloading CRSP Monthly Stock File data...
[2026-01-21 15:34:32,326][root][INFO] - CRSP Monthly Stock File data download complete to /home/rproner/Documents/Data/rsm3034_assignment1/download_cache/crsp_monthly_20260121_203306.parquet.
[2026-01-21 15:34:32,326][root][INFO] - Downloading CRSP-Compustat Link Table data...
[2026-01-21 15:34:33,974][root][INFO] - CRSP-Compustat Link Table data download complete to /home/rproner/Documents/Data/rsm3034_assignment1/download_cache/crsp_compu_link_table_20260121_203432.parquet.
[2026-01-21 15:34:33,976][root][INFO] - Building panel data...
[2026-01-21 15:34:33,976][root][INFO] - Loading CRSP data...
[2026-01-21 15:34:43,053][root][INFO] - Loading Compustat data...
[2026-01-21 15:35:10,863][root][INFO] - Creating size variable
[2026-01-21 15:35:11,202][root][INFO] - Creating book-to-market variables
[2026-01-21 15:35:12,876][root][INFO] - Assigning portfolios based on size, book-to-market, and intangible book-to-market
[2026-01-21 15:35:12,876][root][INFO] - Assigning portfolios based on size...
[2026-01-21 15:35:12,905][root][INFO] - Assigning portfolios based on bm...
[2026-01-21 15:35:12,934][root][INFO] - Assigning portfolios based on bm_int...
[2026-01-21 15:51:25,472][root][INFO] - Panel built. Shape: (770419, 18)
[2026-01-21 15:51:27,330][root][INFO] - Panel data saved to /home/rproner/Documents/Data/rsm3034_assignment1/clean/panel_data.parquet
[2026-01-21 15:51:30,152][root][INFO] - Loaded Fama-French data from /home/rproner/Documents/Data/rsm3034_assignment1/download_cache/ff5_monthly_20260121_203230.parquet
[2026-01-21 15:51:30,155][root][INFO] - Loaded EKP HML data from /home/rproner/Documents/Data/rsm3034_assignment1/download_cache/ekp_hml_20260121_203306.parquet
