[2026-01-21 11:06:44,526][root][INFO] - Setting up matplotlib configuration
[2026-01-21 11:06:44,544][root][INFO] - Downloading Fama-French Size Breakpoints data...
[2026-01-21 11:06:45,273][root][INFO] - Fama-French Size Breakpoints data download complete to /home/rproner/Documents/Data/rsm3034_assignment1/download_cache/ff_size_breakpoints_20260121_160644.parquet.
[2026-01-21 11:06:45,274][root][INFO] - Downloading Fama-French 5 Factors Monthly data...
[2026-01-21 11:06:45,500][root][INFO] - Fama-French 5 Factors Monthly data download complete to /home/rproner/Documents/Data/rsm3034_assignment1/download_cache/ff5_monthly_20260121_160645.parquet.
[2026-01-21 11:06:45,501][root][INFO] - Downloading Compustat data...
[2026-01-21 11:06:46,830][root][WARNING] - Compustat data download failed, skipping: (psycopg2.errors.SyntaxError) syntax error at or near "."
LINE 1: ...capx, oancf, sale, cogs, xint, xsga, gdwlFROM comp.funda WHE...
                                                             ^

[SQL: SELECT gvkey, datadate, seq, ceq, at, lt, txditc, txdb, itcb,  pstkrv, pstkl, pstk, capx, oancf, sale, cogs, xint, xsga, gdwlFROM comp.funda WHERE indfmt = 'INDL' AND datafmt = 'STD' AND consol = 'C' AND curcd = 'USD' AND datadate BETWEEN '1960/01/01' AND '2024/12/31']
(Background on this error at: https://sqlalche.me/e/20/f405).
[2026-01-21 11:06:46,830][root][INFO] - Compustat data download complete to /home/rproner/Documents/Data/rsm3034_assignment1/download_cache/compustat_20260121_160645.parquet.
[2026-01-21 11:06:46,830][root][INFO] - Downloading EKP HML CSV data...
[2026-01-21 11:06:46,997][root][WARNING] - EKP HML CSV data download failed, skipping: 'PosixPath' object has no attribute 'to_parquet'.
[2026-01-21 11:06:46,998][root][INFO] - EKP HML CSV data download complete to /home/rproner/Documents/Data/rsm3034_assignment1/download_cache/ekp_hml_20260121_160646.csv.
[2026-01-21 11:06:46,999][root][INFO] - Downloading CRSP Monthly Stock File data...
[2026-01-21 11:06:48,781][root][WARNING] - CRSP Monthly Stock File data download failed, skipping: (psycopg2.errors.UndefinedTable) missing FROM-clause entry for table "msf"
LINE 1: ...msfINNER JOIN crsp.stksecurityinfohist AS ssih ON msf.permno...
                                                             ^

[SQL: SELECT msf.permno, date, ret, shrout, altprcssih.primaryexch, ssih.siccd FROM crsp.msf as msfINNER JOIN crsp.stksecurityinfohist AS ssih ON msf.permno = ssih.permno AND ssih.secinfostartdt <= msf.date AND msf.mthcaldt <= ssih.secinfoenddt WHERE msf.mthcaldt BETWEEN '19600101' AND '20241231' AND ssih.sharetype = 'NS' AND ssih.securitytype = 'EQTY' AND ssih.securitysubtype = 'COM' AND ssih.usincflg = 'Y' AND ssih.issuertype in ('ACOR', 'CORP') AND ssih.primaryexch in ('N', 'A', 'Q') AND ssih.conditionaltype in ('RW', 'NW') AND ssih.tradingstatusflg = 'A']
(Background on this error at: https://sqlalche.me/e/20/f405).
[2026-01-21 11:06:48,781][root][INFO] - CRSP Monthly Stock File data download complete to /home/rproner/Documents/Data/rsm3034_assignment1/download_cache/crsp_monthly_20260121_160646.parquet.
[2026-01-21 11:06:48,782][root][INFO] - Downloading CRSP-Compustat Link Table data...
[2026-01-21 11:06:50,618][root][WARNING] - CRSP-Compustat Link Table data download failed, skipping: (psycopg2.errors.SyntaxError) syntax error at or near "."
LINE 1: ...ermno AS permno, gvkey, linkdt, linkenddtFROM crsp.ccmxpf_li...
                                                             ^

[SQL: SELECT lpermno AS permno, gvkey, linkdt, linkenddtFROM crsp.ccmxpf_linktable WHERE linktype IN ('LU', 'LC') AND linkprim IN ('P', 'C')]
(Background on this error at: https://sqlalche.me/e/20/f405).
[2026-01-21 11:06:50,618][root][INFO] - CRSP-Compustat Link Table data download complete to /home/rproner/Documents/Data/rsm3034_assignment1/download_cache/crsp_compu_link_table_20260121_160648.parquet.
[2026-01-21 11:06:50,621][root][INFO] - Building panel data...
[2026-01-21 11:06:50,621][root][INFO] - Loading CRSP data...
[2026-01-21 11:06:59,577][root][INFO] - Loading Compustat data...
