[2026-01-21 16:39:55,765][root][INFO] - Setting up matplotlib configuration
[2026-01-21 16:39:55,769][root][INFO] - Downloading Fama-French Size Breakpoints data...
[2026-01-21 16:39:56,487][root][INFO] - Fama-French Size Breakpoints data download complete to /home/rproner/Documents/Data/rsm3034_assignment1/download_cache/ff_size_breakpoints_20260121_213955.parquet.
[2026-01-21 16:39:56,487][root][INFO] - Downloading Fama-French 5 Factors Monthly data...
[2026-01-21 16:39:56,708][root][INFO] - Fama-French 5 Factors Monthly data download complete to /home/rproner/Documents/Data/rsm3034_assignment1/download_cache/ff5_monthly_20260121_213956.parquet.
[2026-01-21 16:39:56,708][root][INFO] - Downloading Compustat data...
[2026-01-21 16:40:26,679][root][INFO] - Compustat data download complete to /home/rproner/Documents/Data/rsm3034_assignment1/download_cache/compustat_20260121_213956.parquet.
[2026-01-21 16:40:26,679][root][INFO] - Downloading EKP HML data...
[2026-01-21 16:40:27,078][root][INFO] - EKP HML data download complete to /home/rproner/Documents/Data/rsm3034_assignment1/download_cache/ekp_hml_20260121_214026.parquet.
[2026-01-21 16:40:27,079][root][INFO] - Downloading CRSP Monthly Stock File data...
[2026-01-21 16:42:03,370][root][INFO] - CRSP Monthly Stock File data download complete to /home/rproner/Documents/Data/rsm3034_assignment1/download_cache/crsp_monthly_20260121_214027.parquet.
[2026-01-21 16:42:03,371][root][INFO] - Downloading CRSP-Compustat Link Table data...
[2026-01-21 16:42:05,291][root][INFO] - CRSP-Compustat Link Table data download complete to /home/rproner/Documents/Data/rsm3034_assignment1/download_cache/crsp_compu_link_table_20260121_214203.parquet.
[2026-01-21 16:42:05,293][root][INFO] - Building panel data...
[2026-01-21 16:42:05,293][root][INFO] - Loading CRSP data...
[2026-01-21 16:42:18,244][root][INFO] - Loading Compustat data...
[2026-01-21 16:42:45,204][root][INFO] - Creating size variable
[2026-01-21 16:42:45,463][root][INFO] - Creating book-to-market variables
[2026-01-21 16:42:47,048][root][INFO] - Assigning portfolios based on size, book-to-market, and intangible book-to-market
[2026-01-21 16:42:47,049][root][INFO] - Assigning portfolios based on size...
[2026-01-21 16:42:47,062][root][INFO] - Assigning portfolios based on bm...
[2026-01-21 16:42:47,085][root][INFO] - Assigning portfolios based on bm_int...
[2026-01-21 17:01:14,204][root][INFO] - Panel built. Shape: (770419, 22)
[2026-01-21 17:01:16,282][root][INFO] - Panel data saved to /home/rproner/Documents/Data/rsm3034_assignment1/clean/panel_data.parquet
[2026-01-21 17:01:19,207][root][INFO] - Loaded Fama-French data from /home/rproner/Documents/Data/rsm3034_assignment1/download_cache/ff5_monthly_20260121_213956.parquet
[2026-01-21 17:01:19,210][root][INFO] - Loaded EKP HML data from /home/rproner/Documents/Data/rsm3034_assignment1/download_cache/ekp_hml_20260121_214026.parquet
